# Info: [9566]: Logging session transcript to file /home/pwatts/design_projects/bee3_top/precision.log
//  Precision RTL Synthesis 2012b.10_64-bit (Production Release) Tue Oct 16 10:27:39 PDT 2012
//  
//  Copyright (c) Mentor Graphics Corporation, 1996-2012, All Rights Reserved.
//             Portions copyright 1991-2008 Compuware Corporation
//                       UNPUBLISHED, LICENSED SOFTWARE.
//            CONFIDENTIAL AND PROPRIETARY INFORMATION WHICH IS THE
//          PROPERTY OF MENTOR GRAPHICS CORPORATION OR ITS LICENSORS
//  
//  Running on Linux pwatts@trigger.ee.ucl.ac.uk #1 SMP Wed Aug 28 17:19:38 UTC 2013 2.6.32-358.18.1.el6.x86_64 x86_64
//  
//  Start time Thu Dec  5 11:50:59 2013
# -------------------------------------------------
# Warning: [9567]: Unable to open session transcript to file /apps/mentorps/Mgc_home/bin/precision.log
# Info: [9555]: Created project /home/pwatts/design_projects/bee3_top/bee3_top.psp in folder /home/pwatts/design_projects/bee3_top.
# Info: [9531]: Created directory: /home/pwatts/design_projects/bee3_top/bee3_top_impl_1.
# Info: [9554]: Created implementation bee3_top_impl_1 in project /home/pwatts/design_projects/bee3_top/bee3_top.psp.
# Info: [9575]: The Results Directory has been set to: /home/pwatts/design_projects/bee3_top/bee3_top_impl_1/
# Info: [9566]: Logging project transcript to file /home/pwatts/design_projects/bee3_top/bee3_top_impl_1/precision.log
# Info: [9566]: Logging suppressed messages transcript to file /home/pwatts/design_projects/bee3_top/bee3_top_impl_1/precision.log.suppressed
# Info: [9550]: Activated implementation bee3_top_impl_1 in project /home/pwatts/design_projects/bee3_top/bee3_top.psp.
new_project -name bee3_top -folder /home/pwatts/design_projects/bee3_top -createimpl_name bee3_top_impl_1
# COMMAND: setup_design -manufacturer Xilinx -family VIRTEX-5 -part 5VLX110TFF1136 -speed -3
# Info: [15297]: Setting up the design to use synthesis library "xcv5.syn"
# Info: [573]: The global max fanout is currently set to 10000 for Xilinx - VIRTEX-5.
# Info: [15323]: Setting Part to: "5VLX110TFF1136".
# Info: [15324]: Setting Process to: "3".
# Warning: [556]: transform_tristates option is set to value all internally for the current technology.
# Info: [7512]: The place and route tool for current technology is ISE.
setup_design -manufacturer Xilinx -family VIRTEX-5 -part 5VLX110TFF1136 -speed -3
# COMMAND: setup_design -max_fanout=10000
# Info: [573]: The global max fanout is currently set to 10000 for Xilinx - VIRTEX-5.
setup_design -max_fanout=10000
# COMMAND: add_input_file {bee3_top.sdc bee3_top.sv clock_manager.sv counter.sv ring32b_bidir.v}
add_input_file {bee3_top.sdc bee3_top.sv clock_manager.sv counter.sv ring32b_bidir.v}
# COMMAND: add_input_file {ipcore_dir/cs_icon.edif ipcore_dir/cs_scope.edif ipcore_dir/cs_vio.edif}
add_input_file {ipcore_dir/cs_icon.edif ipcore_dir/cs_scope.edif ipcore_dir/cs_vio.edif}
